[23/02/2022 21:09:23]:Getted List 1 of related URL 
[23/02/2022 21:09:24]:Not more results finded 
[23/02/2022 21:09:24]:Getted all URL 
[23/02/2022 21:09:24]:
# Starting information getter #
 
[23/02/2022 21:09:28]:Resources 0 of https://asierso2004.wordpress.com/ generated sucess 
[23/02/2022 21:09:28]:Page 0.txt of https://asierso2004.wordpress.com/ generated sucess 
[23/02/2022 21:09:31]:Page 1.txt of https://asierso2004.wordpress.com/2016/08/15/como-hacer-un-avion-en-minecraft/ generated sucess 
[23/02/2022 21:09:34]:Resources 2 of https://cubicsinstall.wordpress.com/ generated sucess 
[23/02/2022 21:09:34]:Page 2.txt of https://cubicsinstall.wordpress.com/ generated sucess 
[23/02/2022 21:09:36]:Page 3.txt of https://trucosparapersonasconautismo.wordpress.com/2016/05/19/consejos-para-identificar-el-desinteres-de-la-gente/ generated sucess 
[23/02/2022 21:09:49]:Resources 4 of https://avierfor.com/como-hacer-un-avion-en-minecraft-pe-los-mejores/ generated sucess 
[23/02/2022 21:09:49]:Page 4.txt of https://avierfor.com/como-hacer-un-avion-en-minecraft-pe-los-mejores/ generated sucess 
[23/02/2022 21:09:54]:Resources 5 of https://kzlife.info/first/mi-nueva/yX3DvM6EdnmFjqg generated sucess 
[23/02/2022 21:09:54]:Page 5.txt of https://kzlife.info/first/mi-nueva/yX3DvM6EdnmFjqg generated sucess 

[23/02/2022 21:35:58]:Downloading and installing chromedriver, this may take a few seconds 
[23/02/2022 21:35:59]:Could not connect to the cdn (No se puede resolver el nombre remoto: 'chromedriver.storage.googleapis.com') 
[23/02/2022 21:35:59]:Broken references.
Chromedriver.exe wasn't founded 

[23/02/2022 21:36:42]:Downloading and installing chromedriver, this may take a few seconds 
[23/02/2022 21:36:42]:Could not connect to the cdn (No se puede resolver el nombre remoto: 'chromedriver.storage.googleapis.com') 
[23/02/2022 21:36:42]:Broken references.
Chromedriver.exe doesn't exits 

[23/02/2022 21:37:12]:Downloading and installing chromedriver, this may take a few seconds 
[23/02/2022 21:37:12]:Could not connect to the cdn (No se puede resolver el nombre remoto: 'chromedriver.storage.googleapis.com') 
[23/02/2022 21:37:12]:Broken references / Chromedriver.exe doesn't exits 
